<?xml version="1.0" encoding="UTF-8"?>
<testsuite name="rspec" tests="28" skipped="0" failures="0" errors="0" time="123.155522" timestamp="2021-08-17T12:41:01-04:00" hostname="tf-dias02">
<properties>
<property name="seed" value="58365"/>
</properties>
<testcase classname="spec.scenarios.booking_post_spec" name="POST /equipos/{equipo_id}/bookings solicitar locacao deve retornar 200" file="./spec/scenarios/booking_post_spec.rb" time="0.006935"></testcase>
<testcase classname="spec.scenarios.equipo_delete_spec" name="DELETE /equipos/{equipo_id} obter unico equipo deve retornar 204" file="./spec/scenarios/equipo_delete_spec.rb" time="0.000125"></testcase>
<testcase classname="spec.scenarios.equipo_delete_spec" name="DELETE /equipos/{equipo_id} equipo nao existe deve retornar 204" file="./spec/scenarios/equipo_delete_spec.rb" time="0.004185"></testcase>
<testcase classname="spec.scenarios.equipo_get_spec" name="GET /equipos/{equipo_id} obter unico equipo deve retornar 200" file="./spec/scenarios/equipo_get_spec.rb" time="0.000121"></testcase>
<testcase classname="spec.scenarios.equipo_get_spec" name="GET /equipos/{equipo_id} obter unico equipo deve retornar o nome" file="./spec/scenarios/equipo_get_spec.rb" time="0.014155"></testcase>
<testcase classname="spec.scenarios.equipo_get_spec" name="GET /equipos/{equipo_id} equipo nao existe deve retornar 404" file="./spec/scenarios/equipo_get_spec.rb" time="0.000105"></testcase>
<testcase classname="spec.scenarios.equipo_get_spec" name="GET /equipos obter uma lista deve retornar 200" file="./spec/scenarios/equipo_get_spec.rb" time="0.000107"></testcase>
<testcase classname="spec.scenarios.equipo_get_spec" name="GET /equipos obter uma lista deve retornar uma lista de equipos" file="./spec/scenarios/equipo_get_spec.rb" time="0.013038"></testcase>
<testcase classname="spec.scenarios.equipo_post_spec" name="POST /equipos novo equipo deve retornar 200" file="./spec/scenarios/equipo_post_spec.rb" time="0.000106"></testcase>
<testcase classname="spec.scenarios.equipo_post_spec" name="POST /equipos nao autorizado deve retornar 401" file="./spec/scenarios/equipo_post_spec.rb" time="0.000124"></testcase>
<testcase classname="spec.scenarios.session_post_spec" name="POST /sessions login com sucesso valida status code" file="./spec/scenarios/session_post_spec.rb" time="0.000122"></testcase>
<testcase classname="spec.scenarios.session_post_spec" name="POST /sessions login com sucesso valida id do usuário" file="./spec/scenarios/session_post_spec.rb" time="0.000146"></testcase>
<testcase classname="spec.scenarios.session_post_spec" name="POST /sessions senha incorreta valida status code 401" file="./spec/scenarios/session_post_spec.rb" time="0.000101"></testcase>
<testcase classname="spec.scenarios.session_post_spec" name="POST /sessions senha incorreta valida id do usuário" file="./spec/scenarios/session_post_spec.rb" time="0.000204"></testcase>
<testcase classname="spec.scenarios.session_post_spec" name="POST /sessions usuario não existe valida status code 401" file="./spec/scenarios/session_post_spec.rb" time="0.000123"></testcase>
<testcase classname="spec.scenarios.session_post_spec" name="POST /sessions usuario não existe valida id do usuário" file="./spec/scenarios/session_post_spec.rb" time="0.000141"></testcase>
<testcase classname="spec.scenarios.session_post_spec" name="POST /sessions email em branco valida status code 412" file="./spec/scenarios/session_post_spec.rb" time="0.000110"></testcase>
<testcase classname="spec.scenarios.session_post_spec" name="POST /sessions email em branco valida id do usuário" file="./spec/scenarios/session_post_spec.rb" time="0.000174"></testcase>
<testcase classname="spec.scenarios.session_post_spec" name="POST /sessions sem o campo email valida status code 412" file="./spec/scenarios/session_post_spec.rb" time="0.000097"></testcase>
<testcase classname="spec.scenarios.session_post_spec" name="POST /sessions sem o campo email valida id do usuário" file="./spec/scenarios/session_post_spec.rb" time="0.000102"></testcase>
<testcase classname="spec.scenarios.session_post_spec" name="POST /sessions senha em branco valida status code 412" file="./spec/scenarios/session_post_spec.rb" time="0.000101"></testcase>
<testcase classname="spec.scenarios.session_post_spec" name="POST /sessions senha em branco valida id do usuário" file="./spec/scenarios/session_post_spec.rb" time="0.000296"></testcase>
<testcase classname="spec.scenarios.session_post_spec" name="POST /sessions sem o campo senha valida status code 412" file="./spec/scenarios/session_post_spec.rb" time="0.000098"></testcase>
<testcase classname="spec.scenarios.session_post_spec" name="POST /sessions sem o campo senha valida id do usuário" file="./spec/scenarios/session_post_spec.rb" time="0.000108"></testcase>
<testcase classname="spec.scenarios.signup_post_spec" name="POST /signup novo usuario valida status code" file="./spec/scenarios/signup_post_spec.rb" time="0.000114"></testcase>
<testcase classname="spec.scenarios.signup_post_spec" name="POST /signup novo usuario valida id do usuário" file="./spec/scenarios/signup_post_spec.rb" time="0.000131"></testcase>
<testcase classname="spec.scenarios.signup_post_spec" name="POST /signup usuario ja existe deve retornar 409" file="./spec/scenarios/signup_post_spec.rb" time="0.000112"></testcase>
<testcase classname="spec.scenarios.signup_post_spec" name="POST /signup usuario ja existe deve retornar mensagem" file="./spec/scenarios/signup_post_spec.rb" time="0.000109"></testcase>
</testsuite>
